{"name": "test_products_group", "status": "skipped", "statusDetails": {"message": "XFAIL Wait for fix bug\n\nselenium.common.exceptions.ElementClickInterceptedException: Message: element click intercepted: Element <a href=\"https://test.qa.studio?products_group=sale\" class=\"tab-sale \">...</a> is not clickable at point (623, 598). Other element would receive the click: <div class=\"catalog-toolbar-tabs__content\">...</div>\n  (Session info: chrome=108.0.5359.125)\nStacktrace:\nBacktrace:\n\t(No symbol) [0x00A8F243]\n\t(No symbol) [0x00A17FD1]\n\t(No symbol) [0x0090D04D]\n\t(No symbol) [0x009428B9]\n\t(No symbol) [0x009408CC]\n\t(No symbol) [0x0093E4CB]\n\t(No symbol) [0x0093D164]\n\t(No symbol) [0x009332A6]\n\t(No symbol) [0x0095858C]\n\t(No symbol) [0x00932BFF]\n\t(No symbol) [0x00958804]\n\t(No symbol) [0x0096C9EB]\n\t(No symbol) [0x00958386]\n\t(No symbol) [0x0093163C]\n\t(No symbol) [0x0093269D]\n\tGetHandleVerifier [0x00D29A22+2655074]\n\tGetHandleVerifier [0x00D1CA24+2601828]\n\tGetHandleVerifier [0x00B38C0A+619850]\n\tGetHandleVerifier [0x00B37830+614768]\n\t(No symbol) [0x00A205FC]\n\t(No symbol) [0x00A25968]\n\t(No symbol) [0x00A25A55]\n\t(No symbol) [0x00A3051B]\n\tBaseThreadInitThunk [0x755E0619+25]\n\tRtlGetAppContainerNamedObjectPath [0x7799784D+237]\n\tRtlGetAppContainerNamedObjectPath [0x7799781D+189]", "trace": "tests\\test_shop.py:47: in test_products_group\n    element.click()\n        browser    = <selenium.webdriver.chrome.webdriver.WebDriver (session=\"ddf92a7d1815728b3f09766cd38281d6\")>\n        element    = <selenium.webdriver.remote.webelement.WebElement (session=\"ddf92a7d1815728b3f09766cd38281d6\", element=\"30153c15-2ffd-4d2c-bdd0-bdbb32269939\")>\n        elements   = [<selenium.webdriver.remote.webelement.WebElement (session=\"ddf92a7d1815728b3f09766cd38281d6\", element=\"28a0642a-bfad-...te.webelement.WebElement (session=\"ddf92a7d1815728b3f09766cd38281d6\", element=\"1b951bdf-cc18-45e9-9025-646b63a26b70\")>]\n        expected_menu = [('Все', '', \"[class='tab-all active']\"), ('Бестселлеры', '/?products_group=best_sellers', \"[class='tab-best_sellers '... '/?products_group=new', \"[class='tab-new ']\"), ('Распродажа товаров', '/?products_group=sale', \"[class='tab-sale ']\")]\n        item       = ('Распродажа товаров', '/?products_group=sale', \"[class='tab-sale ']\")\n        menu_element = \"[class='catalog-toolbar-tabs__content'] a\"\n..\\..\\..\\..\\AppData\\Local\\Programs\\Python\\Python311\\Lib\\site-packages\\selenium\\webdriver\\remote\\webelement.py:93: in click\n    self._execute(Command.CLICK_ELEMENT)\n        self       = <selenium.webdriver.remote.webelement.WebElement (session=\"ddf92a7d1815728b3f09766cd38281d6\", element=\"30153c15-2ffd-4d2c-bdd0-bdbb32269939\")>\n..\\..\\..\\..\\AppData\\Local\\Programs\\Python\\Python311\\Lib\\site-packages\\selenium\\webdriver\\remote\\webelement.py:410: in _execute\n    return self._parent.execute(command, params)\n        command    = 'clickElement'\n        params     = {'id': '30153c15-2ffd-4d2c-bdd0-bdbb32269939'}\n        self       = <selenium.webdriver.remote.webelement.WebElement (session=\"ddf92a7d1815728b3f09766cd38281d6\", element=\"30153c15-2ffd-4d2c-bdd0-bdbb32269939\")>\n..\\..\\..\\..\\AppData\\Local\\Programs\\Python\\Python311\\Lib\\site-packages\\selenium\\webdriver\\remote\\webdriver.py:444: in execute\n    self.error_handler.check_response(response)\n        driver_command = 'clickElement'\n        params     = {'id': '30153c15-2ffd-4d2c-bdd0-bdbb32269939'}\n        response   = {'status': 400, 'value': '{\"value\":{\"error\":\"element click intercepted\",\"message\":\"element click intercepted: Element ...\\n\\\\tRtlGetAppContainerNamedObjectPath [0x7799784D+237]\\\\n\\\\tRtlGetAppContainerNamedObjectPath [0x7799781D+189]\\\\n\"}}'}\n        self       = <selenium.webdriver.chrome.webdriver.WebDriver (session=\"ddf92a7d1815728b3f09766cd38281d6\")>\n..\\..\\..\\..\\AppData\\Local\\Programs\\Python\\Python311\\Lib\\site-packages\\selenium\\webdriver\\remote\\errorhandler.py:249: in check_response\n    raise exception_class(message, screen, stacktrace)\nE   selenium.common.exceptions.ElementClickInterceptedException: Message: element click intercepted: Element <a href=\"https://test.qa.studio?products_group=sale\" class=\"tab-sale \">...</a> is not clickable at point (623, 598). Other element would receive the click: <div class=\"catalog-toolbar-tabs__content\">...</div>\nE     (Session info: chrome=108.0.5359.125)\nE   Stacktrace:\nE   Backtrace:\nE   \t(No symbol) [0x00A8F243]\nE   \t(No symbol) [0x00A17FD1]\nE   \t(No symbol) [0x0090D04D]\nE   \t(No symbol) [0x009428B9]\nE   \t(No symbol) [0x009408CC]\nE   \t(No symbol) [0x0093E4CB]\nE   \t(No symbol) [0x0093D164]\nE   \t(No symbol) [0x009332A6]\nE   \t(No symbol) [0x0095858C]\nE   \t(No symbol) [0x00932BFF]\nE   \t(No symbol) [0x00958804]\nE   \t(No symbol) [0x0096C9EB]\nE   \t(No symbol) [0x00958386]\nE   \t(No symbol) [0x0093163C]\nE   \t(No symbol) [0x0093269D]\nE   \tGetHandleVerifier [0x00D29A22+2655074]\nE   \tGetHandleVerifier [0x00D1CA24+2601828]\nE   \tGetHandleVerifier [0x00B38C0A+619850]\nE   \tGetHandleVerifier [0x00B37830+614768]\nE   \t(No symbol) [0x00A205FC]\nE   \t(No symbol) [0x00A25968]\nE   \t(No symbol) [0x00A25A55]\nE   \t(No symbol) [0x00A3051B]\nE   \tBaseThreadInitThunk [0x755E0619+25]\nE   \tRtlGetAppContainerNamedObjectPath [0x7799784D+237]\nE   \tRtlGetAppContainerNamedObjectPath [0x7799781D+189]\n        exception_class = <class 'selenium.common.exceptions.ElementClickInterceptedException'>\n        json       = <module 'json' from 'C:\\\\Users\\\\Adele\\\\AppData\\\\Local\\\\Programs\\\\Python\\\\Python311\\\\Lib\\\\json\\\\__init__.py'>\n        message    = 'element click intercepted: Element <a href=\"https://test.qa.studio?products_group=sale\" class=\"tab-sale \">...</a> is ...would receive the click: <div class=\"catalog-toolbar-tabs__content\">...</div>\\n  (Session info: chrome=108.0.5359.125)'\n        response   = {'status': 400, 'value': '{\"value\":{\"error\":\"element click intercepted\",\"message\":\"element click intercepted: Element ...\\n\\\\tRtlGetAppContainerNamedObjectPath [0x7799784D+237]\\\\n\\\\tRtlGetAppContainerNamedObjectPath [0x7799781D+189]\\\\n\"}}'}\n        screen     = None\n        self       = <selenium.webdriver.remote.errorhandler.ErrorHandler object at 0x000001A325E3B210>\n        st_value   = 'Backtrace:\\n\\t(No symbol) [0x00A8F243]\\n\\t(No symbol) [0x00A17FD1]\\n\\t(No symbol) [0x0090D04D]\\n\\t(No symbol) [0x0094...0619+25]\\n\\tRtlGetAppContainerNamedObjectPath [0x7799784D+237]\\n\\tRtlGetAppContainerNamedObjectPath [0x7799781D+189]\\n'\n        stacktrace = ['Backtrace:', '\\t(No symbol) [0x00A8F243]', '\\t(No symbol) [0x00A17FD1]', '\\t(No symbol) [0x0090D04D]', '\\t(No symbol) [0x009428B9]', '\\t(No symbol) [0x009408CC]', ...]\n        status     = 'element click intercepted'\n        value      = {'error': 'element click intercepted', 'message': 'element click intercepted: Element <a href=\"https://test.qa.studio?...619+25]\\n\\tRtlGetAppContainerNamedObjectPath [0x7799784D+237]\\n\\tRtlGetAppContainerNamedObjectPath [0x7799781D+189]\\n'}\n        value_json = '{\"value\":{\"error\":\"element click intercepted\",\"message\":\"element click intercepted: Element \\\\u003Ca href=\\\\\"https://...\\\\n\\\\tRtlGetAppContainerNamedObjectPath [0x7799784D+237]\\\\n\\\\tRtlGetAppContainerNamedObjectPath [0x7799781D+189]\\\\n\"}}'"}, "description": "\n    Test case TC-2\n    ", "start": 1671504997667, "stop": 1671505004606, "uuid": "4bdfb3b2-eac8-4a5e-a3be-d0ba20d4b1ef", "historyId": "09ac6b905e7ac66417c95d86a058a7ca", "testCaseId": "4fdd6adba16e950b161eae73ef4ccb14", "fullName": "tests.test_shop#test_products_group", "labels": [{"name": "tag", "value": "@pytest.mark.xfail(reason='Wait for fix bug')"}, {"name": "parentSuite", "value": "tests"}, {"name": "suite", "value": "test_shop"}, {"name": "host", "value": "DESKTOP-J22US2J"}, {"name": "thread", "value": "4864-MainThread"}, {"name": "framework", "value": "pytest"}, {"name": "language", "value": "cpython3"}, {"name": "package", "value": "tests.test_shop"}]}